<?xml version="1.0" encoding="UTF-8"?>
<!-- Generated by org.testng.reporters.JUnitReportReporter -->
<testsuite hostname="LAPTOP-K8ACM6HQ" failures="0" tests="2" name="burlington.Palindom" time="0.011" errors="0" timestamp="2020-12-24T18:22:53 EST" skipped="0">
  <testcase classname="burlington.Palindom" name="palindrom" time="0.010"/>
  <system-out/>
  <testcase classname="burlington.Palindom" name="vv" time="0.001"/>
  <system-out/>
</testsuite> <!-- burlington.Palindom -->
