<?xml version="1.0" encoding="UTF-8"?>
<!-- Generated by org.testng.reporters.JUnitReportReporter -->
<testsuite hostname="LAPTOP-K8ACM6HQ" failures="0" tests="1" name="burlington.Lion" time="0.010" errors="0" timestamp="2020-12-24T17:37:59 EST" skipped="0">
  <testcase classname="burlington.Lion" name="bb" time="0.010"/>
  <system-out/>
</testsuite> <!-- burlington.Lion -->
