<?xml version="1.0" encoding="UTF-8"?>
<!-- Generated by org.testng.reporters.JUnitReportReporter -->
<testsuite hostname="LAPTOP-K8ACM6HQ" failures="0" tests="1" name="burlington.Third" time="0.017" errors="0" timestamp="2020-12-06T20:35:52 EST" skipped="0">
  <testcase classname="burlington.Third" name="vc" time="0.017"/>
  <system-out/>
</testsuite> <!-- burlington.Third -->
