<?xml version="1.0" encoding="UTF-8"?>
<!-- Generated by org.testng.reporters.JUnitReportReporter -->
<testsuite hostname="LAPTOP-K8ACM6HQ" failures="0" tests="4" name="burlington.Animals" time="0.014" errors="0" timestamp="2020-12-22T15:52:14 EST" skipped="0">
  <testcase classname="burlington.Animals" name="bag" time="0.010"/>
  <system-out/>
  <testcase classname="burlington.Animals" name="febonac" time="0.001"/>
  <system-out/>
  <testcase classname="burlington.Animals" name="prim" time="0.002"/>
  <system-out/>
  <testcase classname="burlington.Animals" name="fact" time="0.001"/>
  <system-out/>
</testsuite> <!-- burlington.Animals -->
