<?xml version="1.0" encoding="UTF-8"?>
<!-- Generated by org.testng.reporters.JUnitReportReporter -->
<testsuite hostname="LAPTOP-K8ACM6HQ" failures="0" tests="2" name="burlington.GG" time="0.013" errors="0" timestamp="2020-08-23T08:49:49 EDT" skipped="0">
  <testcase classname="burlington.GG" name="max" time="0.012"/>
  <system-out/>
  <testcase classname="burlington.GG" name="min" time="0.001"/>
  <system-out/>
</testsuite> <!-- burlington.GG -->
