<?xml version="1.0" encoding="UTF-8"?>
<!-- Generated by org.testng.reporters.JUnitReportReporter -->
<testsuite hostname="LAPTOP-K8ACM6HQ" failures="0" tests="1" name="burlington.Loopss" time="0.016" errors="0" timestamp="2021-01-20T10:24:18 EST" skipped="0">
  <testcase classname="burlington.Loopss" name="bb" time="0.016"/>
  <system-out/>
</testsuite> <!-- burlington.Loopss -->
