<?xml version="1.0" encoding="UTF-8"?>
<!-- Generated by org.testng.reporters.JUnitReportReporter -->
<testsuite hostname="LAPTOP-K8ACM6HQ" failures="0" tests="1" name="bburlington.Random" time="0.013" errors="0" timestamp="2020-08-22T21:56:34 EDT" skipped="0">
  <testcase classname="bburlington.Random" name="randomn" time="0.013"/>
  <system-out/>
</testsuite> <!-- bburlington.Random -->
