<?xml version="1.0" encoding="UTF-8"?>
<!-- Generated by org.testng.reporters.JUnitReportReporter -->
<testsuite hostname="LAPTOP-K8ACM6HQ" failures="0" tests="1" name="burlington.Febonaci" time="0.012" errors="0" timestamp="2020-08-23T09:55:07 EDT" skipped="0">
  <testcase classname="burlington.Febonaci" name="febo" time="0.012"/>
  <system-out/>
</testsuite> <!-- burlington.Febonaci -->
