<?xml version="1.0" encoding="UTF-8"?>
<!-- Generated by org.testng.reporters.JUnitReportReporter -->
<testsuite hostname="LAPTOP-K8ACM6HQ" failures="0" tests="1" name="burlington.Aaa" time="0.010" errors="0" timestamp="2020-12-24T20:38:12 EST" skipped="0">
  <testcase classname="burlington.Aaa" name="dd" time="0.010"/>
  <system-out/>
</testsuite> <!-- burlington.Aaa -->
