<?xml version="1.0" encoding="UTF-8"?>
<!-- Generated by org.testng.reporters.JUnitReportReporter -->
<testsuite hostname="LAPTOP-K8ACM6HQ" failures="0" tests="1" name="burlington.Get" time="0.015" errors="0" timestamp="2020-11-30T10:17:05 EST" skipped="0">
  <testcase classname="burlington.Get" name="test" time="0.015"/>
  <system-out/>
</testsuite> <!-- burlington.Get -->
