<?xml version="1.0" encoding="UTF-8"?>
<!-- Generated by org.testng.reporters.JUnitReportReporter -->
<testsuite hostname="LAPTOP-K8ACM6HQ" failures="0" tests="1" name="burlington.KKK" time="0.011" errors="0" timestamp="2020-08-23T09:40:52 EDT" skipped="0">
  <testcase classname="burlington.KKK" name="factorial" time="0.011"/>
  <system-out/>
</testsuite> <!-- burlington.KKK -->
