<?xml version="1.0" encoding="UTF-8"?>
<!-- Generated by org.testng.reporters.JUnitReportReporter -->
<testsuite hostname="LAPTOP-K8ACM6HQ" failures="0" tests="1" name="burlington.Forth" time="0.026" errors="0" timestamp="2020-12-06T20:00:12 EST" skipped="0">
  <testcase classname="burlington.Forth" name="kk" time="0.026"/>
  <system-out/>
</testsuite> <!-- burlington.Forth -->
