<?xml version="1.0" encoding="UTF-8"?>
<!-- Generated by org.testng.reporters.JUnitReportReporter -->
<testsuite hostname="LAPTOP-K8ACM6HQ" failures="0" tests="1" name="burlington.Dog" time="0.012" errors="0" timestamp="2020-12-22T09:28:09 EST" skipped="0">
  <testcase classname="burlington.Dog" name="dog" time="0.012"/>
  <system-out/>
</testsuite> <!-- burlington.Dog -->
